<?xml version="1.0" encoding="UTF-8"?>
<!-- Generated by org.testng.reporters.JUnitReportReporter -->
<testsuite hostname="LAPTOP-SQ88SI1L" failures="0" tests="3" name="Grouping.Login" time="0.022" errors="0" timestamp="2025-01-05T18:29:52 IST" skipped="0">
  <testcase classname="Grouping.Login" name="email" time="0.018"/>
  <system-out/>
  <testcase classname="Grouping.Login" name="phoneno" time="0.002"/>
  <system-out/>
  <testcase classname="Grouping.Login" name="facebook" time="0.002"/>
  <system-out/>
</testsuite> <!-- Grouping.Login -->
