<?xml version="1.0" encoding="UTF-8"?>
<!-- Generated by org.testng.reporters.JUnitReportReporter -->
<testsuite hostname="LAPTOP-SQ88SI1L" failures="0" tests="2" name="Annotations.con1" time="0.026" errors="0" timestamp="2025-01-05T17:30:45 IST" skipped="0">
  <testcase classname="Annotations.con1" name="search" time="0.022"/>
  <system-out/>
  <testcase classname="Annotations.con1" name="advsearch" time="0.004"/>
  <system-out/>
</testsuite> <!-- Annotations.con1 -->
