<?xml version="1.0" encoding="UTF-8"?>
<!-- Generated by org.testng.reporters.JUnitReportReporter -->
<testsuite hostname="LAPTOP-SQ88SI1L" failures="0" tests="1" name="DatePicker.DatePicker" time="1.325" errors="0" timestamp="2025-01-06T09:18:40 IST" skipped="0">
  <testcase classname="DatePicker.DatePicker" name="calender" time="1.325"/>
  <system-out/>
</testsuite> <!-- DatePicker.DatePicker -->
