<?xml version="1.0" encoding="UTF-8"?>
<!-- Generated by org.testng.reporters.JUnitReportReporter -->
<testsuite hostname="LAPTOP-SQ88SI1L" failures="0" tests="1" name="PageObjectModel.LoginTest" time="1.877" errors="0" timestamp="2025-01-05T22:41:52 IST" skipped="0">
  <testcase classname="PageObjectModel.LoginTest" name="testLogin" time="1.877"/>
  <system-out/>
</testsuite> <!-- PageObjectModel.LoginTest -->
