<?xml version="1.0" encoding="UTF-8"?>
<!-- Generated by org.testng.reporters.JUnitReportReporter -->
<testsuite hostname="LAPTOP-SQ88SI1L" failures="0" tests="3" name="Grouping.category" time="0.031" errors="0" timestamp="2025-01-05T18:35:23 IST" skipped="0">
  <testcase classname="Grouping.category" name="female" time="0.025"/>
  <system-out/>
  <testcase classname="Grouping.category" name="male" time="0.003"/>
  <system-out/>
  <testcase classname="Grouping.category" name="kids" time="0.003"/>
  <system-out/>
</testsuite> <!-- Grouping.category -->
