<?xml version="1.0" encoding="UTF-8"?>
<!-- Generated by org.testng.reporters.JUnitReportReporter -->
<testsuite hostname="LAPTOP-SQ88SI1L" failures="0" tests="1" name="Annotations.Con3" time="0.004" errors="0" timestamp="2025-01-05T17:43:43 IST" skipped="0">
  <testcase classname="Annotations.Con3" name="XYZ" time="0.004"/>
  <system-out/>
</testsuite> <!-- Annotations.Con3 -->
