<?xml version="1.0" encoding="UTF-8"?>
<!-- Generated by org.testng.reporters.JUnitReportReporter -->
<testsuite hostname="LAPTOP-SQ88SI1L" failures="0" tests="3" name="DependsANDgrouping.DependencyMethod" time="0.070" errors="0" timestamp="2025-01-05T18:12:10 IST" skipped="0">
  <testcase classname="DependsANDgrouping.DependencyMethod" name="login" time="0.056"/>
  <system-out/>
  <testcase classname="DependsANDgrouping.DependencyMethod" name="openapp" time="0.006"/>
  <system-out/>
  <testcase classname="DependsANDgrouping.DependencyMethod" name="search" time="0.008"/>
  <system-out/>
</testsuite> <!-- DependsANDgrouping.DependencyMethod -->
