<?xml version="1.0" encoding="UTF-8"?>
<!-- Generated by org.testng.reporters.JUnitReportReporter -->
<testsuite hostname="LAPTOP-SQ88SI1L" failures="0" tests="4" name="testNG.Prioritization" time="0.033" errors="0" timestamp="2025-01-05T15:42:09 IST" skipped="0">
  <testcase classname="testNG.Prioritization" name="login" time="0.023"/>
  <system-out/>
  <testcase classname="testNG.Prioritization" name="openapp" time="0.003"/>
  <system-out/>
  <testcase classname="testNG.Prioritization" name="search" time="0.004"/>
  <system-out/>
  <testcase classname="testNG.Prioritization" name="logout" time="0.003"/>
  <system-out/>
</testsuite> <!-- testNG.Prioritization -->
