<?xml version="1.0" encoding="UTF-8"?>
<!-- Generated by org.testng.reporters.JUnitReportReporter -->
<testsuite hostname="LAPTOP-SQ88SI1L" failures="0" tests="1" name="Annotations.Con2" time="0.012" errors="0" timestamp="2025-01-05T17:43:43 IST" skipped="0">
  <testcase classname="Annotations.Con2" name="abc" time="0.012"/>
  <system-out/>
</testsuite> <!-- Annotations.Con2 -->
